<?xml version="1.0" encoding="UTF-8"?>
<!-- Generated by org.testng.reporters.JUnitXMLReporter -->
<testsuite ignored="0" hostname="DESKTOP-S6MV8ON" failures="0" tests="5" name="Test" time="317.342" errors="0" timestamp="2025-06-01T19:36:40 BDT">
  <testcase classname="testCases.NewCustomerCreateTest" name="CreateNewAccount" time="24.864"/>
  <testcase classname="testCases.LoginTest" name="verifyLogin" time="22.081"/>
  <testcase classname="testCases.ForgotPasswordTest" name="VerifyLinkSend" time="20.261"/>
  <testcase classname="testCases.ForgotPasswordTest" name="EmailCodePickUp" time="25.809"/>
  <testcase classname="testCases.ForgotPasswordTest" name="CreateNewPass" time="12.47"/>
</testsuite> <!-- Test -->
