<?xml version="1.0" encoding="UTF-8"?>
<testng-results ignored="0" total="1" passed="1" failed="0" skipped="0">
  <reporter-output>
  </reporter-output>
  <suite started-at="2025-06-01T15:37:19 BDT" name="Master Suite" finished-at="2025-06-01T15:38:26 BDT" duration-ms="66982">
    <groups>
    </groups>
    <test started-at="2025-06-01T15:37:19 BDT" name="Test" finished-at="2025-06-01T15:38:26 BDT" duration-ms="66982">
      <class name="testCases.LoginTest">
        <test-method is-config="true" signature="setup(java.lang.String,java.lang.String)[pri:0, instance:testCases.LoginTest@55dfcc6]" started-at="2025-06-01T15:37:20 BDT" name="setup" finished-at="2025-06-01T15:38:01 BDT" duration-ms="41630" status="PASS">
          <params>
            <param index="0">
              <value>
                <![CDATA[windows]]>
              </value>
            </param>
            <param index="1">
              <value>
                <![CDATA[chrome]]>
              </value>
            </param>
          </params>
          <reporter-output>
          </reporter-output>
        </test-method> <!-- setup -->
        <test-method signature="verifyLogin()[pri:1, instance:testCases.LoginTest@55dfcc6]" started-at="2025-06-01T15:38:02 BDT" name="verifyLogin" finished-at="2025-06-01T15:38:26 BDT" duration-ms="24448" status="PASS">
          <reporter-output>
          </reporter-output>
        </test-method> <!-- verifyLogin -->
        <test-method is-config="true" signature="tearDown()[pri:0, instance:testCases.LoginTest@55dfcc6]" started-at="2025-06-01T15:38:26 BDT" name="tearDown" finished-at="2025-06-01T15:38:26 BDT" duration-ms="4" status="PASS">
          <reporter-output>
          </reporter-output>
        </test-method> <!-- tearDown -->
      </class> <!-- testCases.LoginTest -->
    </test> <!-- Test -->
  </suite> <!-- Master Suite -->
</testng-results>
