<?xml version="1.0" encoding="UTF-8"?>
<testng-results ignored="0" total="4" passed="4" failed="0" skipped="0">
  <reporter-output>
  </reporter-output>
  <suite started-at="2025-06-01T20:27:35 BDT" name="Master Suite" finished-at="2025-06-01T20:29:05 BDT" duration-ms="89700">
    <groups>
    </groups>
    <test started-at="2025-06-01T20:27:35 BDT" name="Test" finished-at="2025-06-01T20:29:05 BDT" duration-ms="89700">
      <class name="testCases.SearchAndOrder">
        <test-method is-config="true" signature="setup(java.lang.String,java.lang.String)[pri:0, instance:testCases.SearchAndOrder@4aa83f4f]" started-at="2025-06-01T20:27:36 BDT" name="setup" finished-at="2025-06-01T20:27:48 BDT" duration-ms="12122" status="PASS">
          <params>
            <param index="0">
              <value>
                <![CDATA[windows]]>
              </value>
            </param>
            <param index="1">
              <value>
                <![CDATA[chrome]]>
              </value>
            </param>
          </params>
          <reporter-output>
          </reporter-output>
        </test-method> <!-- setup -->
        <test-method signature="login()[pri:1, instance:testCases.SearchAndOrder@4aa83f4f]" started-at="2025-06-01T20:27:48 BDT" name="login" finished-at="2025-06-01T20:28:13 BDT" duration-ms="25707" status="PASS">
          <reporter-output>
          </reporter-output>
        </test-method> <!-- login -->
        <test-method signature="searchProduct()[pri:2, instance:testCases.SearchAndOrder@4aa83f4f]" started-at="2025-06-01T20:28:13 BDT" name="searchProduct" finished-at="2025-06-01T20:28:28 BDT" duration-ms="14179" status="PASS">
          <reporter-output>
          </reporter-output>
        </test-method> <!-- searchProduct -->
        <test-method signature="AddToCart()[pri:3, instance:testCases.SearchAndOrder@4aa83f4f]" started-at="2025-06-01T20:28:28 BDT" name="AddToCart" finished-at="2025-06-01T20:28:37 BDT" duration-ms="8909" status="PASS">
          <reporter-output>
          </reporter-output>
        </test-method> <!-- AddToCart -->
        <test-method signature="ShoppingCart_CheckOut_and_placeOrder()[pri:4, instance:testCases.SearchAndOrder@4aa83f4f]" started-at="2025-06-01T20:28:37 BDT" name="ShoppingCart_CheckOut_and_placeOrder" finished-at="2025-06-01T20:29:05 BDT" duration-ms="28262" status="PASS">
          <reporter-output>
          </reporter-output>
        </test-method> <!-- ShoppingCart_CheckOut_and_placeOrder -->
        <test-method is-config="true" signature="tearDown()[pri:0, instance:testCases.SearchAndOrder@4aa83f4f]" started-at="2025-06-01T20:29:05 BDT" name="tearDown" finished-at="2025-06-01T20:29:05 BDT" duration-ms="2" status="PASS">
          <reporter-output>
          </reporter-output>
        </test-method> <!-- tearDown -->
      </class> <!-- testCases.SearchAndOrder -->
    </test> <!-- Test -->
  </suite> <!-- Master Suite -->
</testng-results>
